Downloading http://i.imgur.com/MrBBaV7.jpg ...
Title: It ends up looking like a matrix universe when you accidentally leave your camera exposing while trying to get a pic of nebula m42. 5472x3648.jpg
Downloading http://i.imgur.com/z6N9jLw.jpg ...
Title: Ori And The Blind Forest rain 2560x1080.jpg
Downloading http://i.imgur.com/9Fa7wTc.jpg ...
Title: Natural is Natural.jpg
Downloading http://i.imgur.com/IKPc9j5.jpg ...
Title: Softer Worser Slower Weaker.jpg
Downloading http://i.imgur.com/mkfBteQ.jpg ...
Title: Brush strokes (Not OC) 1920x1080.jpg
Downloading http://i.imgur.com/K7ryCeB.jpg ...
Title: Sad.jpg
Downloading http://i.imgur.com/03saGyw.jpg ...
Title: ThyssenKrupp HQ Germany.jpg
Downloading http://i.imgur.com/F9G5Wz0.jpg ...
Title: LowPoly Vector of a fox that I made in CS6. 75005000.jpg
Downloading http://i.imgur.com/B4a8pbm.jpg ...
Title: Great ATuin (1748x1200).jpg
Downloading http://i.imgur.com/tFJP4Z0.jpg ...
Title: Olympos village Greece 2048x1150.jpg
Downloading http://i.imgur.com/gVWgybN.jpg ...
Title: Kaneki Ken Wallpaper.jpg
Downloading http://i.imgur.com/dsyXyHo.png ...
Title: Heist. Dual Monitors 3840x1080.png
Downloading http://i.imgur.com/uuZqy4i.jpg ...
Title: The Dark Hedges.jpg
Downloading http://interfacelift.com/wallpaper/D7478325/03871_monacosolidrocks_3840x2160.jpg ...
Title: Amazing 3840x2160 wallpaper.jpg
Downloading http://i.imgur.com/3Jf2cc8.jpg ...
Title: Chasing the Nazgl 1920x1080.jpg
Downloading http://i.imgur.com/83B3VpC.jpg ...
Title: We can say Innocent Wallpaper.jpg
Downloading http://i.imgur.com/cWN6Ghl.jpg ...
Title: SpaceX.jpg
Downloading http://i.imgur.com/MrBBaV7.jpg ...
Title: It ends up looking like a matrix universe when you accidentally leave your camera exposing while trying to get a pic of nebula m42. 5472x3648.jpg
Downloading http://i.imgur.com/z6N9jLw.jpg ...
Title: Ori And The Blind Forest rain 2560x1080.jpg
Downloading http://i.imgur.com/9Fa7wTc.jpg ...
Title: Natural is Natural.jpg
Downloading http://i.imgur.com/IKPc9j5.jpg ...
Title: Softer Worser Slower Weaker.jpg
Downloading http://i.imgur.com/mkfBteQ.jpg ...
Title: Brush strokes (Not OC) 1920x1080.jpg
Downloading http://i.imgur.com/K7ryCeB.jpg ...
Title: Sad.jpg
Downloading http://i.imgur.com/03saGyw.jpg ...
Title: ThyssenKrupp HQ Germany.jpg
Downloading http://i.imgur.com/F9G5Wz0.jpg ...
Title: LowPoly Vector of a fox that I made in CS6. 75005000.jpg
Downloading http://i.imgur.com/B4a8pbm.jpg ...
Title: Great ATuin (1748x1200).jpg
Downloading http://i.imgur.com/tFJP4Z0.jpg ...
Title: Olympos village Greece 2048x1150.jpg
Downloading http://i.imgur.com/gVWgybN.jpg ...
Title: Kaneki Ken Wallpaper.jpg
Downloading http://i.imgur.com/dsyXyHo.png ...
Title: Heist. Dual Monitors 3840x1080.png
Downloading http://i.imgur.com/uuZqy4i.jpg ...
Title: The Dark Hedges.jpg
Downloading http://interfacelift.com/wallpaper/D7478325/03871_monacosolidrocks_3840x2160.jpg ...
Title: Amazing 3840x2160 wallpaper.jpg
Downloading http://i.imgur.com/3Jf2cc8.jpg ...
Title: Chasing the Nazgl 1920x1080.jpg
Downloading http://i.imgur.com/83B3VpC.jpg ...
Title: We can say Innocent Wallpaper.jpg
Downloading http://i.imgur.com/cWN6Ghl.jpg ...
Title: SpaceX.jpg
Downloading http://i.imgur.com/MrBBaV7.jpg ...
Title: It ends up looking like a matrix universe when you accidentally leave your camera exposing while trying to get a pic of nebula m42. 5472x3648.jpg
Downloading http://i.imgur.com/z6N9jLw.jpg ...
Title: Ori And The Blind Forest rain 2560x1080.jpg
Downloading http://i.imgur.com/9Fa7wTc.jpg ...
Title: Natural is Natural.jpg
Downloading http://i.imgur.com/IKPc9j5.jpg ...
Title: Softer Worser Slower Weaker.jpg
Downloading http://i.imgur.com/mkfBteQ.jpg ...
Title: Brush strokes (Not OC) 1920x1080.jpg
Downloading http://i.imgur.com/K7ryCeB.jpg ...
Title: Sad.jpg
Downloading http://i.imgur.com/03saGyw.jpg ...
Title: ThyssenKrupp HQ Germany.jpg
Downloading http://i.imgur.com/F9G5Wz0.jpg ...
Title: LowPoly Vector of a fox that I made in CS6. 75005000.jpg
Downloading http://i.imgur.com/B4a8pbm.jpg ...
Title: Great ATuin (1748x1200).jpg
Downloading http://i.imgur.com/tFJP4Z0.jpg ...
Title: Olympos village Greece 2048x1150.jpg
Downloading http://i.imgur.com/gVWgybN.jpg ...
Title: Kaneki Ken Wallpaper.jpg
Downloading http://i.imgur.com/dsyXyHo.png ...
Title: Heist. Dual Monitors 3840x1080.png
Downloading http://i.imgur.com/uuZqy4i.jpg ...
Title: The Dark Hedges.jpg
Downloading http://interfacelift.com/wallpaper/D7478325/03871_monacosolidrocks_3840x2160.jpg ...
Title: Amazing 3840x2160 wallpaper.jpg
Downloading http://i.imgur.com/3Jf2cc8.jpg ...
Title: Chasing the Nazgl 1920x1080.jpg
Downloading http://i.imgur.com/83B3VpC.jpg ...
Title: We can say Innocent Wallpaper.jpg
Downloading http://i.imgur.com/cWN6Ghl.jpg ...
Title: SpaceX.jpg
Downloading http://i.imgur.com/MrBBaV7.jpg ...
Title: It ends up looking like a matrix universe when you accidentally leave your camera exposing while trying to get a pic of nebula m42. 5472x3648.jpg
Downloading http://i.imgur.com/z6N9jLw.jpg ...
Title: Ori And The Blind Forest rain 2560x1080.jpg
Downloading http://i.imgur.com/9Fa7wTc.jpg ...
Title: Natural is Natural.jpg
Downloading http://i.imgur.com/IKPc9j5.jpg ...
Title: Softer Worser Slower Weaker.jpg
Downloading http://i.imgur.com/mkfBteQ.jpg ...
Title: Brush strokes (Not OC) 1920x1080.jpg
Downloading http://i.imgur.com/K7ryCeB.jpg ...
Title: Sad.jpg
Downloading http://i.imgur.com/03saGyw.jpg ...
Title: ThyssenKrupp HQ Germany.jpg
Downloading http://i.imgur.com/F9G5Wz0.jpg ...
Title: LowPoly Vector of a fox that I made in CS6. 75005000.jpg
Downloading http://i.imgur.com/B4a8pbm.jpg ...
Title: Great ATuin (1748x1200).jpg
Downloading http://i.imgur.com/tFJP4Z0.jpg ...
Title: Olympos village Greece 2048x1150.jpg
Downloading http://i.imgur.com/gVWgybN.jpg ...
Title: Kaneki Ken Wallpaper.jpg
Downloading http://i.imgur.com/dsyXyHo.png ...
Title: Heist. Dual Monitors 3840x1080.png
Downloading http://i.imgur.com/uuZqy4i.jpg ...
Title: The Dark Hedges.jpg
Downloading http://interfacelift.com/wallpaper/D7478325/03871_monacosolidrocks_3840x2160.jpg ...
Title: Amazing 3840x2160 wallpaper.jpg
Downloading http://i.imgur.com/3Jf2cc8.jpg ...
Title: Chasing the Nazgl 1920x1080.jpg
Downloading http://i.imgur.com/83B3VpC.jpg ...
Title: We can say Innocent Wallpaper.jpg
Downloading http://i.imgur.com/cWN6Ghl.jpg ...
Title: SpaceX.jpg
Downloading http://i.imgur.com/O05wmkN.jpg ...
Title: Mount Everest 2560x1440.jpg
Downloading http://i.imgur.com/MrBBaV7.jpg ...
Title: It ends up looking like a matrix universe when you accidentally leave your camera exposing while trying to get a pic of nebula m42. 5472x3648.jpg
Downloading http://i.imgur.com/z6N9jLw.jpg ...
Title: Ori And The Blind Forest rain 2560x1080.jpg
Downloading http://i.imgur.com/9Fa7wTc.jpg ...
Title: Natural is Natural.jpg
Downloading http://i.imgur.com/IKPc9j5.jpg ...
Title: Softer Worser Slower Weaker.jpg
Downloading http://i.imgur.com/mkfBteQ.jpg ...
Title: Brush strokes (Not OC) 1920x1080.jpg
Downloading http://i.imgur.com/K7ryCeB.jpg ...
Title: Sad.jpg
Downloading http://i.imgur.com/03saGyw.jpg ...
Title: ThyssenKrupp HQ Germany.jpg
Downloading http://i.imgur.com/F9G5Wz0.jpg ...
Title: LowPoly Vector of a fox that I made in CS6. 75005000.jpg
Downloading http://i.imgur.com/B4a8pbm.jpg ...
Title: Great ATuin (1748x1200).jpg
Downloading http://i.imgur.com/tFJP4Z0.jpg ...
Title: Olympos village Greece 2048x1150.jpg
Downloading http://i.imgur.com/gVWgybN.jpg ...
Title: Kaneki Ken Wallpaper.jpg
Downloading http://i.imgur.com/dsyXyHo.png ...
Title: Heist. Dual Monitors 3840x1080.png
Downloading http://i.imgur.com/uuZqy4i.jpg ...
Title: The Dark Hedges.jpg
Downloading http://interfacelift.com/wallpaper/D7478325/03871_monacosolidrocks_3840x2160.jpg ...
Title: Amazing 3840x2160 wallpaper.jpg
Downloading http://i.imgur.com/3Jf2cc8.jpg ...
Title: Chasing the Nazgl 1920x1080.jpg
Downloading http://i.imgur.com/83B3VpC.jpg ...
Title: We can say Innocent Wallpaper.jpg
Downloading http://i.imgur.com/cWN6Ghl.jpg ...
Title: SpaceX.jpg
Downloading http://i.imgur.com/O05wmkN.jpg ...
Title: Mount Everest 2560x1440.jpg
Downloading http://i.imgur.com/MrBBaV7.jpg ...
Title: It ends up looking like a matrix universe when you accidentally leave your camera exposing while trying to get a pic of nebula m42. 5472x3648.jpg
Downloading http://i.imgur.com/z6N9jLw.jpg ...
Title: Ori And The Blind Forest rain 2560x1080.jpg
Downloading http://i.imgur.com/9Fa7wTc.jpg ...
Title: Natural is Natural.jpg
Downloading http://i.imgur.com/IKPc9j5.jpg ...
Title: Softer Worser Slower Weaker.jpg
Downloading http://i.imgur.com/mkfBteQ.jpg ...
Title: Brush strokes (Not OC) 1920x1080.jpg
Downloading http://i.imgur.com/K7ryCeB.jpg ...
Title: Sad.jpg
Downloading http://i.imgur.com/03saGyw.jpg ...
Title: ThyssenKrupp HQ Germany.jpg
Downloading http://i.imgur.com/F9G5Wz0.jpg ...
Title: LowPoly Vector of a fox that I made in CS6. 75005000.jpg
Downloading http://i.imgur.com/B4a8pbm.jpg ...
Title: Great ATuin (1748x1200).jpg
Downloading http://i.imgur.com/tFJP4Z0.jpg ...
Title: Olympos village Greece 2048x1150.jpg
Downloading http://i.imgur.com/gVWgybN.jpg ...
Title: Kaneki Ken Wallpaper.jpg
Downloading http://i.imgur.com/dsyXyHo.png ...
Title: Heist. Dual Monitors 3840x1080.png
Downloading http://i.imgur.com/uuZqy4i.jpg ...
Title: The Dark Hedges.jpg
Downloading http://interfacelift.com/wallpaper/D7478325/03871_monacosolidrocks_3840x2160.jpg ...
Title: Amazing 3840x2160 wallpaper.jpg
Downloading http://i.imgur.com/3Jf2cc8.jpg ...
Title: Chasing the Nazgl 1920x1080.jpg
Downloading http://i.imgur.com/83B3VpC.jpg ...
Title: We can say Innocent Wallpaper.jpg
Downloading http://i.imgur.com/cWN6Ghl.jpg ...
Title: SpaceX.jpg
Downloading http://i.imgur.com/O05wmkN.jpg ...
Title: Mount Everest 2560x1440.jpg
Downloading http://i.imgur.com/MrBBaV7.jpg ...
Title: It ends up looking like a matrix universe when you accidentally leave your camera exposing while trying to get a pic of nebula m42. 5472x3648.jpg
Downloading http://i.imgur.com/z6N9jLw.jpg ...
Title: Ori And The Blind Forest rain 2560x1080.jpg
Downloading http://i.imgur.com/IKPc9j5.jpg ...
Title: Softer Worser Slower Weaker.jpg
Downloading http://i.imgur.com/9Fa7wTc.jpg ...
Title: Natural is Natural.jpg
Downloading http://i.imgur.com/mkfBteQ.jpg ...
Title: Brush strokes (Not OC) 1920x1080.jpg
Downloading http://i.imgur.com/K7ryCeB.jpg ...
Title: Sad.jpg
Downloading http://i.imgur.com/03saGyw.jpg ...
Title: ThyssenKrupp HQ Germany.jpg
Downloading http://i.imgur.com/F9G5Wz0.jpg ...
Title: LowPoly Vector of a fox that I made in CS6. 75005000.jpg
Downloading http://i.imgur.com/B4a8pbm.jpg ...
Title: Great ATuin (1748x1200).jpg
Downloading http://i.imgur.com/tFJP4Z0.jpg ...
Title: Olympos village Greece 2048x1150.jpg
Downloading http://i.imgur.com/gVWgybN.jpg ...
Title: Kaneki Ken Wallpaper.jpg
Downloading http://i.imgur.com/dsyXyHo.png ...
Title: Heist. Dual Monitors 3840x1080.png
Downloading http://i.imgur.com/uuZqy4i.jpg ...
Title: The Dark Hedges.jpg
Downloading http://interfacelift.com/wallpaper/D7478325/03871_monacosolidrocks_3840x2160.jpg ...
Title: Amazing 3840x2160 wallpaper.jpg
Downloading http://i.imgur.com/3Jf2cc8.jpg ...
Title: Chasing the Nazgl 1920x1080.jpg
Downloading http://i.imgur.com/83B3VpC.jpg ...
Title: We can say Innocent Wallpaper.jpg
Downloading http://i.imgur.com/cWN6Ghl.jpg ...
Title: SpaceX.jpg
Downloading http://i.imgur.com/O05wmkN.jpg ...
Title: Mount Everest 2560x1440.jpg
Downloading http://i.imgur.com/MrBBaV7.jpg ...
Title: It ends up looking like a matrix universe when you accidentally leave your camera exposing while trying to get a pic of nebula m42. 5472x3648.jpg
Downloading http://i.imgur.com/z6N9jLw.jpg ...
Title: Ori And The Blind Forest rain 2560x1080.jpg
Downloading http://i.imgur.com/IKPc9j5.jpg ...
Title: Softer Worser Slower Weaker.jpg
Downloading http://i.imgur.com/9Fa7wTc.jpg ...
Title: Natural is Natural.jpg
Downloading http://i.imgur.com/mkfBteQ.jpg ...
Title: Brush strokes (Not OC) 1920x1080.jpg
Downloading http://i.imgur.com/K7ryCeB.jpg ...
Title: Sad.jpg
Downloading http://i.imgur.com/03saGyw.jpg ...
Title: ThyssenKrupp HQ Germany.jpg
Downloading http://i.imgur.com/F9G5Wz0.jpg ...
Title: LowPoly Vector of a fox that I made in CS6. 75005000.jpg
Downloading http://i.imgur.com/B4a8pbm.jpg ...
Title: Great ATuin (1748x1200).jpg
Downloading http://i.imgur.com/tFJP4Z0.jpg ...
Title: Olympos village Greece 2048x1150.jpg
Downloading http://i.imgur.com/gVWgybN.jpg ...
Title: Kaneki Ken Wallpaper.jpg
Downloading http://i.imgur.com/dsyXyHo.png ...
Title: Heist. Dual Monitors 3840x1080.png
Downloading http://i.imgur.com/uuZqy4i.jpg ...
Title: The Dark Hedges.jpg
Downloading http://interfacelift.com/wallpaper/D7478325/03871_monacosolidrocks_3840x2160.jpg ...
Title: Amazing 3840x2160 wallpaper.jpg
Downloading http://i.imgur.com/3Jf2cc8.jpg ...
Title: Chasing the Nazgl 1920x1080.jpg
Downloading http://i.imgur.com/83B3VpC.jpg ...
Title: We can say Innocent Wallpaper.jpg
Downloading http://i.imgur.com/cWN6Ghl.jpg ...
Title: SpaceX.jpg
Downloading http://i.imgur.com/O05wmkN.jpg ...
Title: Mount Everest 2560x1440.jpg
